[appstack.bootlab.io/index.html]
[backblue.gif]
[fade.gif]
[index.html]
[appstack.bootlab.io/index-2.html]
[appstack.bootlab.io/img/favicon.ico]
[appstack.bootlab.io/css/light.css]
[www.googletagmanager.com/gtag/jsa2d5]
[appstack.bootlab.io/dashboard-default.html]
[appstack.bootlab.io/docs-introduction.html]
[appstack.bootlab.io/img/screenshots/mixed.jpg]
[themes.getbootstrap.com/product/appstack-responsive-admin-template/index.html]
[appstack.bootlab.io/dashboard-defaultd976.html]
[appstack.bootlab.io/img/screenshots/theme-default.jpg]
[appstack.bootlab.io/dashboard-defaultc765.html]
[appstack.bootlab.io/img/screenshots/sidebar-compact.jpg]
[appstack.bootlab.io/dashboard-default4965.html]
[appstack.bootlab.io/img/screenshots/theme-dark.jpg]
[appstack.bootlab.io/dashboard-defaultc7f2.html]
[appstack.bootlab.io/img/screenshots/theme-colored.jpg]
[appstack.bootlab.io/dashboard-default6a08.html]
[appstack.bootlab.io/img/screenshots/theme-light.jpg]
[appstack.bootlab.io/dashboard-default6534.html]
[appstack.bootlab.io/img/screenshots/sidebar-right.jpg]
[appstack.bootlab.io/img/brands/bootstrap.svg]
[appstack.bootlab.io/img/screenshots/dashboard-default.jpg]
[appstack.bootlab.io/dashboard-analytics.html]
[appstack.bootlab.io/img/screenshots/dashboard-analytics.jpg]
[appstack.bootlab.io/dashboard-saas.html]
[appstack.bootlab.io/img/screenshots/dashboard-saas.jpg]
[appstack.bootlab.io/dashboard-social.html]
[appstack.bootlab.io/img/screenshots/dashboard-social.jpg]
[appstack.bootlab.io/dashboard-crypto.html]
[appstack.bootlab.io/img/screenshots/dashboard-crypto.jpg]
[appstack.bootlab.io/pages-projects-list.html]
[appstack.bootlab.io/img/screenshots/pages-projects-list.jpg]
[themes.zendesk.com/hc/en-us/articles/360000011052-How-do-I-get-a-receipt-for-my-purchase-.21.delayed]
[appstack.bootlab.io/index.html]
[appstack.bootlab.io/index-2.html]
[fonts.googleapis.com/css28c55.css]
[appstack.bootlab.io/js/app.js]
[appstack.bootlab.io/fonts/fa-brands-400.woff2]
[appstack.bootlab.io/fonts/fa-brands-400.ttf]
[appstack.bootlab.io/fonts/fa-regular-400.woff2]
[appstack.bootlab.io/fonts/fa-regular-400.ttf]
[appstack.bootlab.io/fonts/fa-solid-900.woff2]
[appstack.bootlab.io/fonts/fa-solid-900.ttf]
[www.datatables.net/examples/resources/details_open.png]
[appstack.bootlab.io/css/light.css]
[static.hotjar.com/c/hotjar-]
[appstack.bootlab.io/js/settings.js]
[appstack.bootlab.io/pages-profile.html]
[appstack.bootlab.io/pages-settings.html]
[appstack.bootlab.io/pages-clients.html]
[appstack.bootlab.io/pages-projects-detail.html]
[appstack.bootlab.io/pages-invoice.html]
[appstack.bootlab.io/pages-pricing.html]
[appstack.bootlab.io/pages-tasks.html]
[appstack.bootlab.io/pages-chat.html]
[appstack.bootlab.io/pages-blank.html]
[appstack.bootlab.io/pages-sign-in.html]
[appstack.bootlab.io/pages-sign-up.html]
[appstack.bootlab.io/pages-reset-password.html]
[appstack.bootlab.io/pages-404.html]
[appstack.bootlab.io/pages-500.html]
[appstack.bootlab.io/docs-installation.html]
[appstack.bootlab.io/docs-customization.html]
[appstack.bootlab.io/docs-plugins.html]
[appstack.bootlab.io/docs-changelog.html]
[appstack.bootlab.io/ui-alerts.html]
[appstack.bootlab.io/ui-buttons.html]
[appstack.bootlab.io/ui-cards.html]
[appstack.bootlab.io/ui-carousel.html]
[appstack.bootlab.io/ui-embed-video.html]
[appstack.bootlab.io/ui-general.html]
[appstack.bootlab.io/ui-grid.html]
[appstack.bootlab.io/ui-modals.html]
[appstack.bootlab.io/ui-offcanvas.html]
[appstack.bootlab.io/ui-placeholders.html]
[appstack.bootlab.io/ui-tabs.html]
[appstack.bootlab.io/ui-typography.html]
[appstack.bootlab.io/icons-feather.html]
[appstack.bootlab.io/icons-font-awesome.html]
[appstack.bootlab.io/forms-layouts.html]
[appstack.bootlab.io/forms-basic-inputs.html]
[appstack.bootlab.io/forms-input-groups.html]
[appstack.bootlab.io/forms-floating-labels.html]
[appstack.bootlab.io/tables-bootstrap.html]
[appstack.bootlab.io/forms-advanced-inputs.html]
[appstack.bootlab.io/forms-editors.html]
[appstack.bootlab.io/forms-validation.html]
[appstack.bootlab.io/forms-wizard.html]
[appstack.bootlab.io/tables-datatables-responsive.html]
[appstack.bootlab.io/tables-datatables-buttons.html]
[appstack.bootlab.io/tables-datatables-column-search.html]
[appstack.bootlab.io/tables-datatables-fixed-header.html]
[appstack.bootlab.io/tables-datatables-multi.html]
[appstack.bootlab.io/tables-datatables-ajax.html]
[appstack.bootlab.io/charts-chartjs.html]
[appstack.bootlab.io/charts-apexcharts.html]
[appstack.bootlab.io/notifications.html]
[appstack.bootlab.io/maps-google.html]
[appstack.bootlab.io/maps-vector.html]
[appstack.bootlab.io/calendar.html]
[appstack.bootlab.io/img/avatars/avatar-5.jpg]
[appstack.bootlab.io/img/avatars/avatar-2.jpg]
[appstack.bootlab.io/img/avatars/avatar-4.jpg]
[appstack.bootlab.io/img/avatars/avatar-3.jpg]
[appstack.bootlab.io/img/flags/us.png]
[appstack.bootlab.io/img/flags/es.png]
[appstack.bootlab.io/img/flags/de.png]
[appstack.bootlab.io/img/flags/nl.png]
[appstack.bootlab.io/img/avatars/avatar.jpg]
[appstack.bootlab.io/img/illustrations/customer-support.png]
[appstack.bootlab.io/dashboard-default.html]
[appstack.bootlab.io/docs-introduction.html]
[cdnjs.cloudflare.com/ajax/libs/highlight.js/9.12.0/highlight.min.js]
[themes.getbootstrap.com/wp-content/themes/bootstrap-marketplace/assets/images/fav/apple-touch-icon.png]
[themes.getbootstrap.com/wp-content/themes/bootstrap-marketplace/assets/images/fav/favicon-32x32.png]
[themes.getbootstrap.com/wp-content/themes/bootstrap-marketplace/assets/images/fav/favicon-16x16.png]
[themes.getbootstrap.com/wp-content/uploads/2018/09/screenshot2-bs5.jpg]
[themes.getbootstrap.com/wp-includes/css/dist/block-library/style.minde54.css]
[themes.getbootstrap.com/wp-content/plugins/woocommerce/packages/woocommerce-blocks/build/style747d.css]
[themes.getbootstrap.com/wp-content/plugins/woocommerce/assets/css/photoswipe/photoswipe7e2e.css]
[themes.getbootstrap.com/wp-content/plugins/woocommerce/assets/css/photoswipe/default-skin/default-skin7e2e.css]
[themes.getbootstrap.com/wp-content/plugins/woocommerce/assets/css/woocommerce-layout7e2e.css]
[themes.getbootstrap.com/wp-content/plugins/woocommerce/assets/css/woocommerce-smallscreen7e2e.css]
[themes.getbootstrap.com/wp-content/plugins/woocommerce/assets/css/woocommerce7e2e.css]
[themes.getbootstrap.com/wp-content/plugins/dokan-lite/assets/vendors/font-awesome/font-awesome.min3b90.css]
[themes.getbootstrap.com/wp-content/themes/dokan/assets/css/skins/purple.css]
[themes.getbootstrap.com/wp-content/plugins/dokan-lite/assets/vendors/select2/select23b90.css]
[themes.getbootstrap.com/wp-includes/js/jquery/jquery4a5f.js]
[themes.getbootstrap.com/wp-includes/js/jquery/jquery-migrate.min330a.js]
[themes.getbootstrap.com/wp-content/themes/bootstrap-marketplace/style94c8.css]
[www.googletagmanager.com/gtag/jsfa6d]
[themes.getbootstrap.com/wp-content/uploads/2018/09/screenshot2-bs5-1200x900.jpg]
[themes.getbootstrap.com/wp-content/uploads/2019/03/black-2-300x300.png]
[themes.zendesk.com/hc/en-us/articles/360000006291-How-do-I-get-help-with-the-theme-I-purchased-.7f.delayed]
[themes.getbootstrap.com/wp-content/uploads/2018/07/hyper-shot-1200x900-3-400x300.png]
[themes.getbootstrap.com/wp-content/uploads/2019/03/falcon-v3.6.0-400x300.png]
[themes.getbootstrap.com/wp-content/uploads/2021/10/good_thumbnail-400x300.jpg]
[chimpstatic.com/mcjs-connected/js/users/e3428dd6b8fda73bc5ba8b6e6/37107ccd183a988edab652f4b.js]
[themes.getbootstrap.com/wp-content/plugins/woocommerce/assets/js/jquery-blockui/jquery.blockUI.min44fd.js]
[themes.getbootstrap.com/wp-content/plugins/woocommerce/assets/js/frontend/add-to-cart.min7e2e.js]
[themes.getbootstrap.com/wp-content/plugins/woocommerce/assets/js/photoswipe/photoswipe.min0235.js]
[themes.getbootstrap.com/wp-content/plugins/woocommerce/assets/js/photoswipe/photoswipe-ui-default.min0235.js]
[themes.getbootstrap.com/wp-content/plugins/woocommerce/assets/js/frontend/single-product.min7e2e.js]
[themes.getbootstrap.com/wp-content/plugins/woocommerce/assets/js/js-cookie/js.cookie.min6b25.js]
[themes.getbootstrap.com/wp-content/plugins/woocommerce/assets/js/frontend/woocommerce.min7e2e.js]
[themes.getbootstrap.com/wp-content/plugins/woocommerce/assets/js/frontend/cart-fragments.min7e2e.js]
[themes.getbootstrap.com/wp-content/plugins/mailchimp-for-woocommerce/public/js/mailchimp-woocommerce-public.min8d5a.js]
[themes.getbootstrap.com/wp-includes/js/jquery/ui/core.mine899.js]
[themes.getbootstrap.com/wp-includes/js/jquery/ui/widget.mine899.js]
[themes.getbootstrap.com/wp-includes/js/jquery/ui/mouse.mine899.js]
[themes.getbootstrap.com/wp-includes/js/jquery/ui/sortable.mine899.js]
[themes.getbootstrap.com/wp-includes/js/jquery/ui/datepicker.mine899.js]
[themes.getbootstrap.com/wp-content/plugins/dokan-lite/assets/vendors/tooltips/tooltips3b90.js]
[themes.getbootstrap.com/wp-content/plugins/dokan-lite/assets/vendors/form-validate/form-validate3b90.js]
[themes.getbootstrap.com/wp-content/plugins/dokan-lite/assets/js/speakingurl.min3b90.js]
[themes.getbootstrap.com/wp-content/plugins/dokan-lite/assets/vendors/i18n/jed3b90.js]
[themes.getbootstrap.com/wp-content/plugins/dokan-lite/assets/js/vendor-registration8700.js]
[themes.getbootstrap.com/wp-includes/js/imgareaselect/jquery.imgareaselect.minde54.js]
[themes.getbootstrap.com/wp-includes/js/underscore.min4511.js]
[themes.getbootstrap.com/wp-includes/js/customize-base.minde54.js]
[themes.getbootstrap.com/wp-includes/js/backbone.min2fca.js]
[themes.getbootstrap.com/wp-includes/js/customize-models3b90.js]
[themes.getbootstrap.com/wp-content/plugins/dokan-lite/assets/js/dokan8700.js]
[themes.getbootstrap.com/wp-content/plugins/dokan-lite/assets/vendors/select2/select2.full.min3b90.js]
[themes.getbootstrap.com/wp-content/plugins/dokan-lite/assets/vendors/magnific/jquery.magnific-popup.min3b90.js]
[themes.getbootstrap.com/wp-content/plugins/dokan-lite/assets/js/login-form-popup8700.js]
[themes.getbootstrap.com/wp-content/plugins/dokan-pro/assets/js/single-product-shipping.js]
[themes.getbootstrap.com/wp-includes/js/wp-embed.minde54.js]
[themes.getbootstrap.com/wp-content/themes/bootstrap-marketplace/assets/javascript/Chart.min.js]
[themes.getbootstrap.com/wp-content/themes/bootstrap-marketplace/assets/javascript/Chart.bundle.min.js]
[themes.getbootstrap.com/wp-content/themes/bootstrap-marketplace/assets/javascript/tether.min.js]
[themes.getbootstrap.com/wp-content/themes/bootstrap-marketplace/assets/javascript/popper.min.js]
[themes.getbootstrap.com/wp-content/themes/bootstrap-marketplace/assets/javascript/bootstrap.min.js]
[themes.getbootstrap.com/wp-content/themes/bootstrap-marketplace/assets/javascript/lazysizes.min.js]
[themes.getbootstrap.com/product/appstack-responsive-admin-template/index.html]
[appstack.bootlab.io/dashboard-defaultd976.html]
[appstack.bootlab.io/dashboard-defaultc765.html]
[appstack.bootlab.io/dashboard-default4965.html]
[appstack.bootlab.io/dashboard-defaultc7f2.html]
[appstack.bootlab.io/dashboard-default6a08.html]
[appstack.bootlab.io/dashboard-default6534.html]
[appstack.bootlab.io/img/brands/bootstrap.svg]
[themes.getbootstrap.com/wp-content/themes/bootstrap-marketplace/assets/javascript/scripts934d.js]
[appstack.bootlab.io/img/illustrations/searching.png]
[appstack.bootlab.io/dashboard-analytics.html]
[appstack.bootlab.io/img/illustrations/social.png]
[appstack.bootlab.io/dashboard-saas.html]
[appstack.bootlab.io/img/photos/unsplash-2.jpg]
[appstack.bootlab.io/img/photos/unsplash-3.jpg]
[appstack.bootlab.io/img/photos/unsplash-1.jpg]
[appstack.bootlab.io/dashboard-social.html]
[appstack.bootlab.io/dashboard-crypto.html]
[appstack.bootlab.io/pages-projects-list.html]
[themes.zendesk.com/hc/en-us/articles/360000011052-How-do-I-get-a-receipt-for-my-purchase-.html]
[appstack.bootlab.io/pages-profile.html]
[appstack.bootlab.io/pages-settings.html]
[appstack.bootlab.io/pages-clients.html]
[appstack.bootlab.io/pages-projects-detail.html]
[appstack.bootlab.io/pages-invoice.html]
[appstack.bootlab.io/pages-pricing.html]
[appstack.bootlab.io/pages-tasks.html]
[appstack.bootlab.io/pages-chat.html]
[appstack.bootlab.io/pages-blank.html]
[appstack.bootlab.io/pages-sign-in.html]
[appstack.bootlab.io/pages-sign-up.html]
[appstack.bootlab.io/pages-reset-password.html]
[appstack.bootlab.io/pages-404.html]
[appstack.bootlab.io/pages-500.html]
[appstack.bootlab.io/docs-installation.html]
[appstack.bootlab.io/docs-customization.html]
[appstack.bootlab.io/docs-plugins.html]
[appstack.bootlab.io/docs-changelog.html]
[appstack.bootlab.io/ui-alerts.html]
[appstack.bootlab.io/ui-buttons.html]
[appstack.bootlab.io/ui-cards.html]
[appstack.bootlab.io/ui-carousel.html]
[appstack.bootlab.io/ui-embed-video.html]
[appstack.bootlab.io/ui-general.html]
[appstack.bootlab.io/ui-grid.html]
[appstack.bootlab.io/ui-modals.html]
[appstack.bootlab.io/ui-offcanvas.html]
[appstack.bootlab.io/ui-placeholders.html]
[appstack.bootlab.io/ui-tabs.html]
[appstack.bootlab.io/ui-typography.html]
[appstack.bootlab.io/icons-feather.html]
[appstack.bootlab.io/icons-font-awesome.html]
[appstack.bootlab.io/forms-layouts.html]
[appstack.bootlab.io/forms-basic-inputs.html]
[appstack.bootlab.io/forms-input-groups.html]
[appstack.bootlab.io/forms-floating-labels.html]
[appstack.bootlab.io/tables-bootstrap.html]
[appstack.bootlab.io/forms-advanced-inputs.html]
[appstack.bootlab.io/forms-editors.html]
[appstack.bootlab.io/forms-validation.html]
[appstack.bootlab.io/forms-wizard.html]
[appstack.bootlab.io/tables-datatables-responsive.html]
[appstack.bootlab.io/tables-datatables-buttons.html]
[appstack.bootlab.io/tables-datatables-column-search.html]
[appstack.bootlab.io/tables-datatables-fixed-header.html]
[appstack.bootlab.io/tables-datatables-multi.html]
[appstack.bootlab.io/tables-datatables.ae.delayed]
[appstack.bootlab.io/tables-datatables-ajax.html]
[appstack.bootlab.io/charts-chartjs.html]
[appstack.bootlab.io/charts-apexcharts.html]
[appstack.bootlab.io/notifications.html]
[appstack.bootlab.io/maps-google.html]
[appstack.bootlab.io/maps-vector.html]
[appstack.bootlab.io/calendar.html]
[themes.getbootstrap.com/wp-includes/css/dist/block-library/style.minde54.css]
[themes.getbootstrap.com/wp-content/plugins/woocommerce/packages/woocommerce-blocks/build/style747d.css]
[themes.getbootstrap.com/wp-content/plugins/woocommerce/assets/css/photoswipe/default-skin/default-skin.png]
[themes.getbootstrap.com/wp-content/plugins/woocommerce/assets/css/photoswipe/photoswipe7e2e.css]
[themes.getbootstrap.com/wp-content/plugins/woocommerce/assets/css/photoswipe/default-skin/default-skin.svg]
[themes.getbootstrap.com/wp-content/plugins/woocommerce/assets/css/photoswipe/default-skin/preloader.gif]
[themes.getbootstrap.com/wp-content/plugins/woocommerce/assets/css/photoswipe/default-skin/default-skin7e2e.css]
[themes.getbootstrap.com/wp-content/plugins/woocommerce/assets/css/woocommerce-layout7e2e.css]
[themes.getbootstrap.com/wp-content/plugins/woocommerce/assets/css/woocommerce-smallscreen7e2e.css]
[themes.getbootstrap.com/wp-content/plugins/woocommerce/assets/css/woocommerce7e2e.css]
[themes.getbootstrap.com/wp-content/plugins/dokan-lite/assets/vendors/font-awesome/font-awesome.min3b90.css]
[themes.getbootstrap.com/wp-content/themes/dokan/assets/css/skins/purple.css]
[themes.getbootstrap.com/wp-content/plugins/dokan-lite/assets/vendors/select2/select23b90.css]
[themes.getbootstrap.com/wp-content/themes/bootstrap-marketplace/assets/fonts/fontello/bootstrap-themesc000.eot]
[themes.getbootstrap.com/wp-content/themes/bootstrap-marketplace/assets/fonts/fontello/bootstrap-themesc000.woff2]
[themes.getbootstrap.com/wp-content/themes/bootstrap-marketplace/assets/fonts/fontello/bootstrap-themesc000.woff]
[themes.getbootstrap.com/wp-content/themes/bootstrap-marketplace/assets/fonts/fontello/bootstrap-themesc000.ttf]
[themes.getbootstrap.com/wp-content/themes/bootstrap-marketplace/style94c8.css]
[themes.zendesk.com/hc/en-us/articles/360000006291-How-do-I-get-help-with-the-theme-I-purchased-.html]
[appstack.bootlab.io/tables-datatables.html]
[themes.getbootstrap.com/wp-content/plugins/woocommerce/assets/css/photoswipe/default-skin/default-skin.svg]
[themes.getbootstrap.com/wp-content/themes/bootstrap-marketplace/assets/fonts/fontello/bootstrap-themesc000.svg]
[themes.getbootstrap.com/wp-content/themes/bootstrap-marketplace/assets/fonts/fontello/bootstrap-themesc000.svg]
